<?xml version="1.0" encoding="UTF-8"?>
<!-- Generated by org.testng.reporters.JUnitReportReporter -->
<testsuite hostname="DESKTOP-CHV52S0" failures="0" tests="10" name="demo.DemoDataProvider" time="0.021" errors="0" timestamp="20 Aug 2019 17:48:49 GMT" skipped="0">
  <testcase classname="demo.DemoDataProvider" name="printTestData" time="0.002"/>
  <testcase classname="demo.DemoDataProvider" name="printTestData" time="0.002"/>
  <testcase classname="demo.DemoDataProvider" name="printTestData" time="0.001"/>
  <testcase classname="demo.DemoDataProvider" name="printTestData" time="0.001"/>
  <testcase classname="demo.DemoDataProvider" name="printTestData" time="0.001"/>
  <testcase classname="demo.DemoDataProvider" name="printTestData" time="0.002"/>
  <testcase classname="demo.DemoDataProvider" name="printTestData" time="0.009"/>
  <testcase classname="demo.DemoDataProvider" name="printTestData" time="0.001"/>
  <testcase classname="demo.DemoDataProvider" name="printTestData" time="0.001"/>
  <testcase classname="demo.DemoDataProvider" name="printTestData" time="0.001"/>
</testsuite> <!-- demo.DemoDataProvider -->
