<?xml version="1.0" encoding="UTF-8"?>
<!-- Generated by org.testng.reporters.JUnitReportReporter -->
<testsuite hostname="DESKTOP-CHV52S0" failures="0" tests="1" name="demo.DemoAmazonPOMStyle1" time="10.560" errors="0" timestamp="12 Aug 2019 18:06:53 GMT" skipped="0">
  <testcase classname="demo.DemoAmazonPOMStyle1" name="verifyProduct" time="10.560"/>
</testsuite> <!-- demo.DemoAmazonPOMStyle1 -->
